00000000011111111111110000111110
00000000011111111111110000111110
00000000011111111111110000111110
00000000011111111111110000111110
00000000011111111111110000111110
00000000011111111111110000111110
00000000011111111111110000111110
00000000011111111111110000111110
00000000011111111111110000111110
00000000011111111111110000111110
00000000011111111111110000111110
00000000011111111111110000111110
00000000011111111111110000111110
00000000011111111111110000111110
00000000011111111111110000111110
00000000011111111111110000111110
00000000011111111111110000111110
00000000011111111111110000111110
00000000011111111111110000111110
00000000011111111111110000111110
00000000011111111111110000111110
00000000011111111111110000111110
00000000011111111111110000111110
00000000011111111111110000111110
00000000011111111111110000111110
00000000011111111111110000111110
00000000011111111111110000111110
00000000011111111111110000111110
00000000011111111111110000111110
00000000011111111111110000111110
00000000011111111111110000111110
00000000011111111111110000111110
